# JRE version: Java(TM) SE Runtime Environment (8.0_66-b18) (build 1.8.0_66-b18)
# Java VM: Java HotSpot(TM) 64-Bit Server VM (25.66-b18 mixed mode windows-amd64 compressed oops)
Heap:
 PSYoungGen      total 136704K, used 116186K [0x00000000eab00000, 0x00000000f5380000, 0x0000000100000000)
  eden space 134656K, 86% used [0x00000000eab00000,0x00000000f1c76838,0x00000000f2e80000)
  from space 2048K, 0% used [0x00000000f2e80000,0x00000000f2e80000,0x00000000f3080000)
  to   space 18944K, 0% used [0x00000000f4100000,0x00000000f4100000,0x00000000f5380000)
 ParOldGen       total 84992K, used 41047K [0x00000000c0000000, 0x00000000c5300000, 0x00000000eab00000)
  object space 84992K, 48% used [0x00000000c0000000,0x00000000c2815f20,0x00000000c5300000)
 Metaspace       used 74133K, capacity 86768K, committed 87168K, reserved 1126400K
  class space    used 9610K, capacity 10230K, committed 10368K, reserved 1048576K
GC Heap History (10 events):
Event: 47049.943 GC heap before
{Heap before GC invocations=284 (full 67):
 PSYoungGen      total 156160K, used 48094K [0x00000000eab00000, 0x00000000f5e80000, 0x0000000100000000)
  eden space 139264K, 22% used [0x00000000eab00000,0x00000000ec979d48,0x00000000f3300000)
  from space 16896K, 99% used [0x00000000f4e00000,0x00000000f5e7ddc0,0x00000000f5e80000)
  to   space 19968K, 0% used [0x00000000f3780000,0x00000000f3780000,0x00000000f4b00000)
 ParOldGen       total 84992K, used 42223K [0x00000000c0000000, 0x00000000c5300000, 0x00000000eab00000)
  object space 84992K, 49% used [0x00000000c0000000,0x00000000c293bca0,0x00000000c5300000)
 Metaspace       used 73319K, capacity 85244K, committed 86656K, reserved 1126400K
  class space    used 9451K, capacity 9978K, committed 10368K, reserved 1048576K
Event: 47049.953 GC heap after
Heap after GC invocations=284 (full 67):
 PSYoungGen      total 148992K, used 9367K [0x00000000eab00000, 0x00000000f5900000, 0x0000000100000000)
  eden space 139264K, 0% used [0x00000000eab00000,0x00000000eab00000,0x00000000f3300000)
  from space 9728K, 96% used [0x00000000f3780000,0x00000000f40a5d08,0x00000000f4100000)
  to   space 19456K, 0% used [0x00000000f4600000,0x00000000f4600000,0x00000000f5900000)
 ParOldGen       total 84992K, used 42223K [0x00000000c0000000, 0x00000000c5300000, 0x00000000eab00000)
  object space 84992K, 49% used [0x00000000c0000000,0x00000000c293bca0,0x00000000c5300000)
 Metaspace       used 73319K, capacity 85244K, committed 86656K, reserved 1126400K
  class space    used 9451K, capacity 9978K, committed 10368K, reserved 1048576K
}
Event: 47049.953 GC heap before
{Heap before GC invocations=285 (full 68):
 PSYoungGen      total 148992K, used 9367K [0x00000000eab00000, 0x00000000f5900000, 0x0000000100000000)
  eden space 139264K, 0% used [0x00000000eab00000,0x00000000eab00000,0x00000000f3300000)
  from space 9728K, 96% used [0x00000000f3780000,0x00000000f40a5d08,0x00000000f4100000)
  to   space 19456K, 0% used [0x00000000f4600000,0x00000000f4600000,0x00000000f5900000)
 ParOldGen       total 84992K, used 42223K [0x00000000c0000000, 0x00000000c5300000, 0x00000000eab00000)
  object space 84992K, 49% used [0x00000000c0000000,0x00000000c293bca0,0x00000000c5300000)
 Metaspace       used 73319K, capacity 85244K, committed 86656K, reserved 1126400K
  class space    used 9451K, capacity 9978K, committed 10368K, reserved 1048576K
Event: 47050.124 GC heap after
Heap after GC invocations=285 (full 68):
 PSYoungGen      total 148992K, used 0K [0x00000000eab00000, 0x00000000f5900000, 0x0000000100000000)
  eden space 139264K, 0% used [0x00000000eab00000,0x00000000eab00000,0x00000000f3300000)
  from space 9728K, 0% used [0x00000000f3780000,0x00000000f3780000,0x00000000f4100000)
  to   space 19456K, 0% used [0x00000000f4600000,0x00000000f4600000,0x00000000f5900000)
 ParOldGen       total 84992K, used 40221K [0x00000000c0000000, 0x00000000c5300000, 0x00000000eab00000)
  object space 84992K, 47% used [0x00000000c0000000,0x00000000c27477f8,0x00000000c5300000)
 Metaspace       used 73266K, capacity 85068K, committed 86656K, reserved 1126400K
  class space    used 9435K, capacity 9962K, committed 10368K, reserved 1048576K
}
Event: 47203.442 GC heap before
{Heap before GC invocations=286 (full 68):
 PSYoungGen      total 148992K, used 139264K [0x00000000eab00000, 0x00000000f5900000, 0x0000000100000000)
  eden space 139264K, 100% used [0x00000000eab00000,0x00000000f3300000,0x00000000f3300000)
  from space 9728K, 0% used [0x00000000f3780000,0x00000000f3780000,0x00000000f4100000)
  to   space 19456K, 0% used [0x00000000f4600000,0x00000000f4600000,0x00000000f5900000)
 ParOldGen       total 84992K, used 40221K [0x00000000c0000000, 0x00000000c5300000, 0x00000000eab00000)
  object space 84992K, 47% used [0x00000000c0000000,0x00000000c27477f8,0x00000000c5300000)
 Metaspace       used 73410K, capacity 85492K, committed 86912K, reserved 1126400K
  class space    used 9473K, capacity 10006K, committed 10368K, reserved 1048576K
Event: 47203.448 GC heap after
Heap after GC invocations=286 (full 68):
 PSYoungGen      total 149504K, used 2608K [0x00000000eab00000, 0x00000000f5480000, 0x0000000100000000)
  eden space 134656K, 0% used [0x00000000eab00000,0x00000000eab00000,0x00000000f2e80000)
  from space 14848K, 17% used [0x00000000f4600000,0x00000000f488c030,0x00000000f5480000)
  to   space 19456K, 0% used [0x00000000f2e80000,0x00000000f2e80000,0x00000000f4180000)
 ParOldGen       total 84992K, used 40221K [0x00000000c0000000, 0x00000000c5300000, 0x00000000eab00000)
  object space 84992K, 47% used [0x00000000c0000000,0x00000000c27477f8,0x00000000c5300000)
 Metaspace       used 73410K, capacity 85492K, committed 86912K, reserved 1126400K
  class space    used 9473K, capacity 10006K, committed 10368K, reserved 1048576K
}
Event: 47205.936 GC heap before
{Heap before GC invocations=287 (full 68):
 PSYoungGen      total 149504K, used 116566K [0x00000000eab00000, 0x00000000f5480000, 0x0000000100000000)
  eden space 134656K, 84% used [0x00000000eab00000,0x00000000f1a49a00,0x00000000f2e80000)
  from space 14848K, 17% used [0x00000000f4600000,0x00000000f488c030,0x00000000f5480000)
  to   space 19456K, 0% used [0x00000000f2e80000,0x00000000f2e80000,0x00000000f4180000)
 ParOldGen       total 84992K, used 40221K [0x00000000c0000000, 0x00000000c5300000, 0x00000000eab00000)
  object space 84992K, 47% used [0x00000000c0000000,0x00000000c27477f8,0x00000000c5300000)
 Metaspace       used 73417K, capacity 85492K, committed 86912K, reserved 1126400K
  class space    used 9473K, capacity 10006K, committed 10368K, reserved 1048576K
Event: 47205.940 GC heap after
Heap after GC invocations=287 (full 68):
 PSYoungGen      total 136704K, used 1679K [0x00000000eab00000, 0x00000000f5380000, 0x0000000100000000)
  eden space 134656K, 0% used [0x00000000eab00000,0x00000000eab00000,0x00000000f2e80000)
  from space 2048K, 81% used [0x00000000f2e80000,0x00000000f3023c80,0x00000000f3080000)
  to   space 18944K, 0% used [0x00000000f4100000,0x00000000f4100000,0x00000000f5380000)
 ParOldGen       total 84992K, used 40221K [0x00000000c0000000, 0x00000000c5300000, 0x00000000eab00000)
  object space 84992K, 47% used [0x00000000c0000000,0x00000000c27477f8,0x00000000c5300000)
 Metaspace       used 73417K, capacity 85492K, committed 86912K, reserved 1126400K
  class space    used 9473K, capacity 10006K, committed 10368K, reserved 1048576K
}
Event: 47205.940 GC heap before
{Heap before GC invocations=288 (full 69):
 PSYoungGen      total 136704K, used 1679K [0x00000000eab00000, 0x00000000f5380000, 0x0000000100000000)
  eden space 134656K, 0% used [0x00000000eab00000,0x00000000eab00000,0x00000000f2e80000)
  from space 2048K, 81% used [0x00000000f2e80000,0x00000000f3023c80,0x00000000f3080000)
  to   space 18944K, 0% used [0x00000000f4100000,0x00000000f4100000,0x00000000f5380000)
 ParOldGen       total 84992K, used 40221K [0x00000000c0000000, 0x00000000c5300000, 0x00000000eab00000)
  object space 84992K, 47% used [0x00000000c0000000,0x00000000c27477f8,0x00000000c5300000)
 Metaspace       used 73417K, capacity 85492K, committed 86912K, reserved 1126400K
  class space    used 9473K, capacity 10006K, committed 10368K, reserved 1048576K
Event: 47206.138 GC heap after
Heap after GC invocations=288 (full 69):
 PSYoungGen      total 136704K, used 0K [0x00000000eab00000, 0x00000000f5380000, 0x0000000100000000)
  eden space 134656K, 0% used [0x00000000eab00000,0x00000000eab00000,0x00000000f2e80000)
  from space 2048K, 0% used [0x00000000f2e80000,0x00000000f2e80000,0x00000000f3080000)
  to   space 18944K, 0% used [0x00000000f4100000,0x00000000f4100000,0x00000000f5380000)
 ParOldGen       total 84992K, used 41047K [0x00000000c0000000, 0x00000000c5300000, 0x00000000eab00000)
  object space 84992K, 48% used [0x00000000c0000000,0x00000000c2815f20,0x00000000c5300000)
 Metaspace       used 73365K, capacity 85316K, committed 86912K, reserved 1126400K
  class space    used 9458K, capacity 9990K, committed 10368K, reserved 1048576K
}

